<?xml version="1.0" encoding="UTF-8"?>
<!-- Generated by org.testng.reporters.JUnitReportReporter -->
<testsuite hostname="DESKTOP-655TJ4I" failures="0" tests="1" name="com.prctice.geTest" time="0.012" errors="0" timestamp="2022-12-15T12:01:54 IST" skipped="0">
  <testcase classname="com.prctice.geTest" name="abcd" time="0.012"/>
  <system-out/>
</testsuite> <!-- com.prctice.geTest -->
