<?xml version="1.0" encoding="UTF-8"?>
<!-- Generated by org.testng.reporters.JUnitReportReporter -->
<testsuite hostname="DESKTOP-655TJ4I" failures="0" tests="4" name="com.prctice.testng" time="0.034" errors="0" timestamp="2022-12-06T12:15:50 IST" skipped="0">
  <testcase classname="com.prctice.testng" name="Testscript3" time="0.006"/>
  <system-out/>
  <testcase classname="com.prctice.testng" name="Testscript1" time="0.022"/>
  <system-out/>
  <testcase classname="com.prctice.testng" name="Testscript4" time="0.004"/>
  <system-out/>
  <testcase classname="com.prctice.testng" name="Testscript2" time="0.002"/>
  <system-out/>
</testsuite> <!-- com.prctice.testng -->
