<?xml version="1.0" encoding="UTF-8"?>
<!-- Generated by org.testng.reporters.JUnitReportReporter -->
<testsuite hostname="DESKTOP-655TJ4I" failures="0" tests="1" name="com.prctice.TestNgDataProvider1" time="0.013" errors="0" timestamp="2022-12-06T12:40:28 IST" skipped="0">
  <testcase classname="com.prctice.TestNgDataProvider1" name="test" time="0.013"/>
  <system-out>
    <![CDATA[url is--->http://localhost888.in]]>
  </system-out>
</testsuite> <!-- com.prctice.TestNgDataProvider1 -->
