<?xml version="1.0" encoding="UTF-8"?>
<!-- Generated by org.testng.reporters.JUnitReportReporter -->
<testsuite hostname="DESKTOP-655TJ4I" failures="0" tests="1" name="com.kaiglo.Framework.Add_Product_To_Cart_Test" time="2.486" errors="0" timestamp="2022-12-05T13:07:44 IST" skipped="0">
  <testcase classname="com.kaiglo.Framework.Add_Product_To_Cart_Test" name="addProducttest" time="2.486"/>
  <system-out/>
</testsuite> <!-- com.kaiglo.Framework.Add_Product_To_Cart_Test -->
