<?xml version="1.0" encoding="UTF-8"?>
<!-- Generated by org.testng.reporters.JUnitReportReporter -->
<testsuite hostname="DESKTOP-655TJ4I" failures="0" tests="1" name="com.kaiglo.Framework.Order_Product_Test" time="3.616" errors="0" timestamp="2022-12-05T13:07:44 IST" skipped="0">
  <testcase classname="com.kaiglo.Framework.Order_Product_Test" name="orderProductTest" time="3.616"/>
  <system-out/>
</testsuite> <!-- com.kaiglo.Framework.Order_Product_Test -->
