<?xml version="1.0" encoding="UTF-8"?>
<!-- Generated by org.testng.reporters.JUnitReportReporter -->
<testsuite hostname="DESKTOP-655TJ4I" failures="0" tests="1" name="com.prctice.TestNg1" time="0.017" errors="0" timestamp="2022-12-06T13:03:20 IST" skipped="0">
  <testcase classname="com.prctice.TestNg1" name="testing" time="0.017"/>
  <system-out/>
</testsuite> <!-- com.prctice.TestNg1 -->
